<?xml version="1.0" encoding="UTF-8"?>
<testsuite time="3.308" failures="0" tests="1" name="tests" >
  <testcase time="3.289" classname="tests" name="testLibreplan.ta" >
    <error message="Bad data given to the instruction: 
org.squashtest.ta.framework.exception.BadDataException: Test suite &apos;TestSuiteResources AND WITH TEST_CASE CreateResourceTestCase&apos; not found. Valid test suite names are:
- TestSuiteResources
- TestSuiteCalendrier
	at org.squashtest.ta.plugin.soapui.library.SoapUiProcessExecutor.testExistingTestSuite(SoapUiProcessExecutor.java:151)
	at org.squashtest.ta.plugin.soapui.library.SoapUiProcessExecutor.retrieveWantedTestSuites(SoapUiProcessExecutor.java:134)
	at org.squashtest.ta.plugin.soapui.library.SoapUiProcessExecutor.run(SoapUiProcessExecutor.java:98)
	at org.squashtest.ta.plugin.soapui.library.SoapUiProcessExecutor.main(SoapUiProcessExecutor.java:259)
" type="org.squashtest.ta.framework.exception.BadDataException" >
Summary
TEST :
[ERROR] # EXECUTE_SOAPUI libreplan-readyapi-project.xml WITH TEST_SUITE TestSuiteResources AND WITH TEST_CASE CreateResourceTestCase
	[SUCCESS] 	LOAD libreplan-readyapi-project.xml AS __soapui_script0.file
	[SUCCESS] 	CONVERT __soapui_script0.file TO script.soapui(structured) AS __soapui_script1.soapui
	[ERROR] 	EXECUTE execute WITH __soapui_script1.soapui USING $(soapui.test.suites:TestSuiteResources AND WITH TEST_CASE CreateResourceTestCase) AS __exec2.result
		[SUCCESS] 		$(soapui.test.suites:TestSuiteResources AND WITH TEST_CASE CreateResourceTestCase) --> {{__tempI0}}
		[ERROR] 		EXECUTE execute WITH __soapui_script1.soapui USING {{__tempI0}} AS __exec2.result
org.squashtest.ta.framework.exception.BadDataException: Bad data given to the instruction: 
org.squashtest.ta.framework.exception.BadDataException: Test suite &apos;TestSuiteResources AND WITH TEST_CASE CreateResourceTestCase&apos; not found. Valid test suite names are:
- TestSuiteResources
- TestSuiteCalendrier
	at org.squashtest.ta.plugin.soapui.library.SoapUiProcessExecutor.testExistingTestSuite(SoapUiProcessExecutor.java:151)
	at org.squashtest.ta.plugin.soapui.library.SoapUiProcessExecutor.retrieveWantedTestSuites(SoapUiProcessExecutor.java:134)
	at org.squashtest.ta.plugin.soapui.library.SoapUiProcessExecutor.run(SoapUiProcessExecutor.java:98)
	at org.squashtest.ta.plugin.soapui.library.SoapUiProcessExecutor.main(SoapUiProcessExecutor.java:259)

	at org.squashtest.ta.plugin.soapui.library.SquashSoapUIRunner.run(SquashSoapUIRunner.java:112)
	at org.squashtest.ta.plugin.soapui.commands.ExecuteSoapUIScriptCommand.apply(ExecuteSoapUIScriptCommand.java:100)
	at org.squashtest.ta.plugin.soapui.commands.ExecuteSoapUIScriptCommand.apply(ExecuteSoapUIScriptCommand.java:1)
	at org.squashtest.ta.backbone.engine.wrapper.CommandHandler.apply(CommandHandler.java:132)
	at org.squashtest.ta.backbone.engine.instructionrunner.DefaultExecuteCommandRunner.doRun(DefaultExecuteCommandRunner.java:79)
	at org.squashtest.ta.backbone.engine.instructionrunner.AbstractDefaultInstructionRunner.run(AbstractDefaultInstructionRunner.java:69)
	at org.squashtest.ta.backbone.engine.impl.TestRunnerImpl.runInstruction(TestRunnerImpl.java:203)
	at org.squashtest.ta.backbone.engine.impl.TestRunnerImpl.runInstructionList(TestRunnerImpl.java:148)
	at org.squashtest.ta.backbone.engine.impl.TestRunnerImpl.runMetaInstruction(TestRunnerImpl.java:172)
	at org.squashtest.ta.backbone.engine.impl.TestRunnerImpl.runInstructionList(TestRunnerImpl.java:146)
	at org.squashtest.ta.backbone.engine.impl.TestRunnerImpl.runMetaInstruction(TestRunnerImpl.java:172)
	at org.squashtest.ta.backbone.engine.impl.TestRunnerImpl.runInstructionList(TestRunnerImpl.java:146)
	at org.squashtest.ta.backbone.engine.impl.TestRunnerImpl.runPhase(TestRunnerImpl.java:136)
	at org.squashtest.ta.backbone.engine.impl.TestRunnerImpl.runTest(TestRunnerImpl.java:107)
	at org.squashtest.ta.backbone.engine.impl.EcosystemRunnerImpl.runAllTests(EcosystemRunnerImpl.java:202)
	at org.squashtest.ta.backbone.engine.impl.EcosystemRunnerImpl.run(EcosystemRunnerImpl.java:104)
	at org.squashtest.ta.backbone.engine.impl.SuiteRunnerImpl.execute(SuiteRunnerImpl.java:68)
	at org.squashtest.ta.backbone.engine.impl.EngineImpl.execute(EngineImpl.java:63)
	at org.squashtest.ta.maven.SquashTAMojo.executeImpl(SquashTAMojo.java:204)
	at org.squashtest.ta.maven.AbstractSquashTaMojo.execution(AbstractSquashTaMojo.java:85)
	at org.squashtest.ta.maven.AbstractBaseSquashTaMojo.execute(AbstractBaseSquashTaMojo.java:162)
	at org.apache.maven.plugin.DefaultBuildPluginManager.executeMojo(DefaultBuildPluginManager.java:134)
	at org.apache.maven.lifecycle.internal.MojoExecutor.execute(MojoExecutor.java:207)
	at org.apache.maven.lifecycle.internal.MojoExecutor.execute(MojoExecutor.java:153)
	at org.apache.maven.lifecycle.internal.MojoExecutor.execute(MojoExecutor.java:145)
	at org.apache.maven.lifecycle.internal.LifecycleModuleBuilder.buildProject(LifecycleModuleBuilder.java:116)
	at org.apache.maven.lifecycle.internal.LifecycleModuleBuilder.buildProject(LifecycleModuleBuilder.java:80)
	at org.apache.maven.lifecycle.internal.builder.singlethreaded.SingleThreadedBuilder.build(SingleThreadedBuilder.java:51)
	at org.apache.maven.lifecycle.internal.LifecycleStarter.execute(LifecycleStarter.java:128)
	at org.apache.maven.DefaultMaven.doExecute(DefaultMaven.java:307)
	at org.apache.maven.DefaultMaven.doExecute(DefaultMaven.java:193)
	at org.apache.maven.DefaultMaven.execute(DefaultMaven.java:106)
	at org.apache.maven.cli.MavenCli.execute(MavenCli.java:863)
	at org.apache.maven.cli.MavenCli.doMain(MavenCli.java:288)
	at org.apache.maven.cli.MavenCli.main(MavenCli.java:199)
	at sun.reflect.NativeMethodAccessorImpl.invoke0(Native Method)
	at sun.reflect.NativeMethodAccessorImpl.invoke(NativeMethodAccessorImpl.java:62)
	at sun.reflect.DelegatingMethodAccessorImpl.invoke(DelegatingMethodAccessorImpl.java:43)
	at java.lang.reflect.Method.invoke(Method.java:498)
	at org.codehaus.plexus.classworlds.launcher.Launcher.launchEnhanced(Launcher.java:289)
	at org.codehaus.plexus.classworlds.launcher.Launcher.launch(Launcher.java:229)
	at org.codehaus.plexus.classworlds.launcher.Launcher.mainWithExitCode(Launcher.java:415)
	at org.codehaus.plexus.classworlds.launcher.Launcher.main(Launcher.java:356)

	[NOT_RUN] 	ASSERT __exec2.result IS success
[NOT_RUN] # EXECUTE_SOAPUI libreplan-readyapi-project.xml WITH TEST_SUITE TestSuiteResources AND WITH TEST_CASE GetResourceTestCase
	[NOT_RUN] 	LOAD libreplan-readyapi-project.xml AS __soapui_script3.file
	[NOT_RUN] 	CONVERT __soapui_script3.file TO script.soapui(structured) AS __soapui_script4.soapui
	[NOT_RUN] 	EXECUTE execute WITH __soapui_script4.soapui USING $(soapui.test.suites:TestSuiteResources AND WITH TEST_CASE GetResourceTestCase) AS __exec5.result
		[NOT_RUN] 		$(soapui.test.suites:TestSuiteResources AND WITH TEST_CASE GetResourceTestCase) --> {{__tempI1}}
		[NOT_RUN] 		EXECUTE execute WITH __soapui_script4.soapui USING {{__tempI1}} AS __exec5.result
	[NOT_RUN] 	ASSERT __exec5.result IS success
[NOT_RUN] # EXECUTE_SOAPUI libreplan-readyapi-project.xml WITH TEST_SUITE TestSuiteResources AND WITH TEST_CASE GetResourcesTestCase
	[NOT_RUN] 	LOAD libreplan-readyapi-project.xml AS __soapui_script6.file
	[NOT_RUN] 	CONVERT __soapui_script6.file TO script.soapui(structured) AS __soapui_script7.soapui
	[NOT_RUN] 	EXECUTE execute WITH __soapui_script7.soapui USING $(soapui.test.suites:TestSuiteResources AND WITH TEST_CASE GetResourcesTestCase) AS __exec8.result
		[NOT_RUN] 		$(soapui.test.suites:TestSuiteResources AND WITH TEST_CASE GetResourcesTestCase) --> {{__tempI2}}
		[NOT_RUN] 		EXECUTE execute WITH __soapui_script7.soapui USING {{__tempI2}} AS __exec8.result
	[NOT_RUN] 	ASSERT __exec8.result IS success
[NOT_RUN] # EXECUTE_SOAPUI libreplan-readyapi-project.xml WITH TEST_SUITE TestSuiteCalendrier AND WITH TEST_CASE GetCalendarTestCase
	[NOT_RUN] 	LOAD libreplan-readyapi-project.xml AS __soapui_script9.file
	[NOT_RUN] 	CONVERT __soapui_script9.file TO script.soapui(structured) AS __soapui_scripta.soapui
	[NOT_RUN] 	EXECUTE execute WITH __soapui_scripta.soapui USING $(soapui.test.suites:TestSuiteCalendrier AND WITH TEST_CASE GetCalendarTestCase) AS __execb.result
		[NOT_RUN] 		$(soapui.test.suites:TestSuiteCalendrier AND WITH TEST_CASE GetCalendarTestCase) --> {{__tempI3}}
		[NOT_RUN] 		EXECUTE execute WITH __soapui_scripta.soapui USING {{__tempI3}} AS __execb.result
	[NOT_RUN] 	ASSERT __execb.result IS success
[NOT_RUN] # EXECUTE_SOAPUI libreplan-readyapi-project.xml WITH TEST_SUITE TestSuiteCalendrier AND WITH TEST_CASE GetAllCalendarsTestCase
	[NOT_RUN] 	LOAD libreplan-readyapi-project.xml AS __soapui_scriptc.file
	[NOT_RUN] 	CONVERT __soapui_scriptc.file TO script.soapui(structured) AS __soapui_scriptd.soapui
	[NOT_RUN] 	EXECUTE execute WITH __soapui_scriptd.soapui USING $(soapui.test.suites:TestSuiteCalendrier AND WITH TEST_CASE GetAllCalendarsTestCase) AS __exece.result
		[NOT_RUN] 		$(soapui.test.suites:TestSuiteCalendrier AND WITH TEST_CASE GetAllCalendarsTestCase) --> {{__tempI4}}
		[NOT_RUN] 		EXECUTE execute WITH __soapui_scriptd.soapui USING {{__tempI4}} AS __exece.result
	[NOT_RUN] 	ASSERT __exece.result IS success
    </error>
  </testcase>
</testsuite>